1531307949964: sun.java2d.opengl.OGLRTTSurfaceToSurfaceScale::ScaledBlit("OpenGL Surface (render-to-texture)", AnyAlpha, "OpenGL Surface")
1531307950166: sun.java2d.opengl.OGLRTTSurfaceToSurfaceScale::ScaledBlit("OpenGL Surface (render-to-texture)", AnyAlpha, "OpenGL Surface")
1531307950167: sun.java2d.opengl.OGLRTTSurfaceToSurfaceScale::ScaledBlit("OpenGL Surface (render-to-texture)", AnyAlpha, "OpenGL Surface")
1531307950168: sun.java2d.opengl.OGLRTTSurfaceToSurfaceScale::ScaledBlit("OpenGL Surface (render-to-texture)", AnyAlpha, "OpenGL Surface")
1531307950168: sun.java2d.opengl.OGLRTTSurfaceToSurfaceScale::ScaledBlit("OpenGL Surface (render-to-texture)", AnyAlpha, "OpenGL Surface")
1531307950168: sun.java2d.opengl.OGLRTTSurfaceToSurfaceScale::ScaledBlit("OpenGL Surface (render-to-texture)", AnyAlpha, "OpenGL Surface")
1531307950168: sun.java2d.opengl.OGLRTTSurfaceToSurfaceScale::ScaledBlit("OpenGL Surface (render-to-texture)", AnyAlpha, "OpenGL Surface")
1531307950168: sun.java2d.opengl.OGLRTTSurfaceToSurfaceScale::ScaledBlit("OpenGL Surface (render-to-texture)", AnyAlpha, "OpenGL Surface")
1531307950326: OGLDrawGlyphs
1531307950328: sun.java2d.opengl.OGLRTTSurfaceToSurfaceBlit::Blit("OpenGL Surface (render-to-texture)", AnyAlpha, "OpenGL Surface")
1531307950566: sun.java2d.opengl.OGLRTTSurfaceToSurfaceScale::ScaledBlit("OpenGL Surface (render-to-texture)", AnyAlpha, "OpenGL Surface")
1531307950566: sun.java2d.opengl.OGLRTTSurfaceToSurfaceScale::ScaledBlit("OpenGL Surface (render-to-texture)", AnyAlpha, "OpenGL Surface")
1531307950566: sun.java2d.opengl.OGLRTTSurfaceToSurfaceScale::ScaledBlit("OpenGL Surface (render-to-texture)", AnyAlpha, "OpenGL Surface")
1531307950566: sun.java2d.opengl.OGLRTTSurfaceToSurfaceScale::ScaledBlit("OpenGL Surface (render-to-texture)", AnyAlpha, "OpenGL Surface")
1531307950567: sun.java2d.opengl.OGLRTTSurfaceToSurfaceScale::ScaledBlit("OpenGL Surface (render-to-texture)", AnyAlpha, "OpenGL Surface")
1531307950567: sun.java2d.opengl.OGLRTTSurfaceToSurfaceScale::ScaledBlit("OpenGL Surface (render-to-texture)", AnyAlpha, "OpenGL Surface")
1531307950567: sun.java2d.opengl.OGLRTTSurfaceToSurfaceScale::ScaledBlit("OpenGL Surface (render-to-texture)", AnyAlpha, "OpenGL Surface")
1531307950567: sun.java2d.opengl.OGLRTTSurfaceToSurfaceScale::ScaledBlit("OpenGL Surface (render-to-texture)", AnyAlpha, "OpenGL Surface")
1531307950567: OGLDrawGlyphs
1531307950569: sun.java2d.opengl.OGLRTTSurfaceToSurfaceBlit::Blit("OpenGL Surface (render-to-texture)", AnyAlpha, "OpenGL Surface")
1531307956075: sun.java2d.opengl.OGLRTTSurfaceToSurfaceScale::ScaledBlit("OpenGL Surface (render-to-texture)", AnyAlpha, "OpenGL Surface")
1531307956075: sun.java2d.opengl.OGLRTTSurfaceToSurfaceScale::ScaledBlit("OpenGL Surface (render-to-texture)", AnyAlpha, "OpenGL Surface")
1531307956075: sun.java2d.opengl.OGLRTTSurfaceToSurfaceScale::ScaledBlit("OpenGL Surface (render-to-texture)", AnyAlpha, "OpenGL Surface")
1531307956075: sun.java2d.opengl.OGLRTTSurfaceToSurfaceScale::ScaledBlit("OpenGL Surface (render-to-texture)", AnyAlpha, "OpenGL Surface")
1531307956075: sun.java2d.opengl.OGLRTTSurfaceToSurfaceScale::ScaledBlit("OpenGL Surface (render-to-texture)", AnyAlpha, "OpenGL Surface")
1531307956076: sun.java2d.opengl.OGLRTTSurfaceToSurfaceScale::ScaledBlit("OpenGL Surface (render-to-texture)", AnyAlpha, "OpenGL Surface")
1531307956076: sun.java2d.opengl.OGLRTTSurfaceToSurfaceScale::ScaledBlit("OpenGL Surface (render-to-texture)", AnyAlpha, "OpenGL Surface")
1531307956076: sun.java2d.opengl.OGLRTTSurfaceToSurfaceScale::ScaledBlit("OpenGL Surface (render-to-texture)", AnyAlpha, "OpenGL Surface")
1531307956076: OGLDrawGlyphs
1531307956077: sun.java2d.opengl.OGLRTTSurfaceToSurfaceBlit::Blit("OpenGL Surface (render-to-texture)", AnyAlpha, "OpenGL Surface")
1531307956156: OGLDrawGlyphs
1531307956157: sun.java2d.opengl.OGLRTTSurfaceToSurfaceBlit::Blit("OpenGL Surface (render-to-texture)", AnyAlpha, "OpenGL Surface")
1531307956340: sun.java2d.opengl.OGLRTTSurfaceToSurfaceScale::ScaledBlit("OpenGL Surface (render-to-texture)", AnyAlpha, "OpenGL Surface")
1531307956341: sun.java2d.opengl.OGLRTTSurfaceToSurfaceScale::ScaledBlit("OpenGL Surface (render-to-texture)", AnyAlpha, "OpenGL Surface")
1531307956341: sun.java2d.opengl.OGLRTTSurfaceToSurfaceScale::ScaledBlit("OpenGL Surface (render-to-texture)", AnyAlpha, "OpenGL Surface")
1531307956341: sun.java2d.opengl.OGLRTTSurfaceToSurfaceScale::ScaledBlit("OpenGL Surface (render-to-texture)", AnyAlpha, "OpenGL Surface")
1531307956341: sun.java2d.opengl.OGLRTTSurfaceToSurfaceScale::ScaledBlit("OpenGL Surface (render-to-texture)", AnyAlpha, "OpenGL Surface")
1531307956341: sun.java2d.opengl.OGLRTTSurfaceToSurfaceScale::ScaledBlit("OpenGL Surface (render-to-texture)", AnyAlpha, "OpenGL Surface")
1531307956341: sun.java2d.opengl.OGLRTTSurfaceToSurfaceScale::ScaledBlit("OpenGL Surface (render-to-texture)", AnyAlpha, "OpenGL Surface")
1531307956341: sun.java2d.opengl.OGLRTTSurfaceToSurfaceScale::ScaledBlit("OpenGL Surface (render-to-texture)", AnyAlpha, "OpenGL Surface")
1531307956342: OGLDrawGlyphs
1531307956342: sun.java2d.opengl.OGLRTTSurfaceToSurfaceBlit::Blit("OpenGL Surface (render-to-texture)", AnyAlpha, "OpenGL Surface")
1531307956357: sun.java2d.opengl.OGLRTTSurfaceToSurfaceBlit::Blit("OpenGL Surface (render-to-texture)", AnyAlpha, "OpenGL Surface")
1531307956377: sun.java2d.opengl.OGLRTTSurfaceToSurfaceScale::ScaledBlit("OpenGL Surface (render-to-texture)", AnyAlpha, "OpenGL Surface")
1531307956377: sun.java2d.opengl.OGLRTTSurfaceToSurfaceScale::ScaledBlit("OpenGL Surface (render-to-texture)", AnyAlpha, "OpenGL Surface")
1531307956377: sun.java2d.opengl.OGLRTTSurfaceToSurfaceScale::ScaledBlit("OpenGL Surface (render-to-texture)", AnyAlpha, "OpenGL Surface")
1531307956377: sun.java2d.opengl.OGLRTTSurfaceToSurfaceScale::ScaledBlit("OpenGL Surface (render-to-texture)", AnyAlpha, "OpenGL Surface")
1531307956377: sun.java2d.opengl.OGLRTTSurfaceToSurfaceScale::ScaledBlit("OpenGL Surface (render-to-texture)", AnyAlpha, "OpenGL Surface")
1531307956378: sun.java2d.opengl.OGLRTTSurfaceToSurfaceScale::ScaledBlit("OpenGL Surface (render-to-texture)", AnyAlpha, "OpenGL Surface")
1531307956378: sun.java2d.opengl.OGLRTTSurfaceToSurfaceScale::ScaledBlit("OpenGL Surface (render-to-texture)", AnyAlpha, "OpenGL Surface")
1531307956378: sun.java2d.opengl.OGLRTTSurfaceToSurfaceScale::ScaledBlit("OpenGL Surface (render-to-texture)", AnyAlpha, "OpenGL Surface")
1531307956379: OGLDrawGlyphs
1531307956380: sun.java2d.opengl.OGLRTTSurfaceToSurfaceBlit::Blit("OpenGL Surface (render-to-texture)", AnyAlpha, "OpenGL Surface")
1531307957894: sun.java2d.opengl.OGLRTTSurfaceToSurfaceScale::ScaledBlit("OpenGL Surface (render-to-texture)", AnyAlpha, "OpenGL Surface")
1531307957894: sun.java2d.opengl.OGLRTTSurfaceToSurfaceScale::ScaledBlit("OpenGL Surface (render-to-texture)", AnyAlpha, "OpenGL Surface")
1531307957894: sun.java2d.opengl.OGLRTTSurfaceToSurfaceScale::ScaledBlit("OpenGL Surface (render-to-texture)", AnyAlpha, "OpenGL Surface")
1531307957895: sun.java2d.opengl.OGLRTTSurfaceToSurfaceScale::ScaledBlit("OpenGL Surface (render-to-texture)", AnyAlpha, "OpenGL Surface")
1531307957895: sun.java2d.opengl.OGLRTTSurfaceToSurfaceScale::ScaledBlit("OpenGL Surface (render-to-texture)", AnyAlpha, "OpenGL Surface")
1531307957895: sun.java2d.opengl.OGLRTTSurfaceToSurfaceScale::ScaledBlit("OpenGL Surface (render-to-texture)", AnyAlpha, "OpenGL Surface")
1531307957895: sun.java2d.opengl.OGLRTTSurfaceToSurfaceScale::ScaledBlit("OpenGL Surface (render-to-texture)", AnyAlpha, "OpenGL Surface")
1531307957895: sun.java2d.opengl.OGLRTTSurfaceToSurfaceScale::ScaledBlit("OpenGL Surface (render-to-texture)", AnyAlpha, "OpenGL Surface")
1531307957895: OGLDrawGlyphs
1531307957896: sun.java2d.opengl.OGLRTTSurfaceToSurfaceBlit::Blit("OpenGL Surface (render-to-texture)", AnyAlpha, "OpenGL Surface")
1531307960708: sun.java2d.opengl.OGLRTTSurfaceToSurfaceScale::ScaledBlit("OpenGL Surface (render-to-texture)", AnyAlpha, "OpenGL Surface")
1531307960708: sun.java2d.opengl.OGLRTTSurfaceToSurfaceScale::ScaledBlit("OpenGL Surface (render-to-texture)", AnyAlpha, "OpenGL Surface")
1531307960708: sun.java2d.opengl.OGLRTTSurfaceToSurfaceScale::ScaledBlit("OpenGL Surface (render-to-texture)", AnyAlpha, "OpenGL Surface")
1531307960708: sun.java2d.opengl.OGLRTTSurfaceToSurfaceScale::ScaledBlit("OpenGL Surface (render-to-texture)", AnyAlpha, "OpenGL Surface")
1531307960709: sun.java2d.opengl.OGLRTTSurfaceToSurfaceScale::ScaledBlit("OpenGL Surface (render-to-texture)", AnyAlpha, "OpenGL Surface")
1531307960709: sun.java2d.opengl.OGLRTTSurfaceToSurfaceScale::ScaledBlit("OpenGL Surface (render-to-texture)", AnyAlpha, "OpenGL Surface")
1531307960709: sun.java2d.opengl.OGLRTTSurfaceToSurfaceScale::ScaledBlit("OpenGL Surface (render-to-texture)", AnyAlpha, "OpenGL Surface")
1531307960709: sun.java2d.opengl.OGLRTTSurfaceToSurfaceScale::ScaledBlit("OpenGL Surface (render-to-texture)", AnyAlpha, "OpenGL Surface")
1531307960710: OGLDrawGlyphs
1531307960710: sun.java2d.opengl.OGLRTTSurfaceToSurfaceBlit::Blit("OpenGL Surface (render-to-texture)", AnyAlpha, "OpenGL Surface")
1531307961306: sun.java2d.opengl.OGLRTTSurfaceToSurfaceScale::ScaledBlit("OpenGL Surface (render-to-texture)", AnyAlpha, "OpenGL Surface")
1531307961306: sun.java2d.opengl.OGLRTTSurfaceToSurfaceScale::ScaledBlit("OpenGL Surface (render-to-texture)", AnyAlpha, "OpenGL Surface")
1531307961307: sun.java2d.opengl.OGLRTTSurfaceToSurfaceScale::ScaledBlit("OpenGL Surface (render-to-texture)", AnyAlpha, "OpenGL Surface")
1531307961307: sun.java2d.opengl.OGLRTTSurfaceToSurfaceScale::ScaledBlit("OpenGL Surface (render-to-texture)", AnyAlpha, "OpenGL Surface")
1531307961307: sun.java2d.opengl.OGLRTTSurfaceToSurfaceScale::ScaledBlit("OpenGL Surface (render-to-texture)", AnyAlpha, "OpenGL Surface")
1531307961308: sun.java2d.opengl.OGLRTTSurfaceToSurfaceScale::ScaledBlit("OpenGL Surface (render-to-texture)", AnyAlpha, "OpenGL Surface")
1531307961308: sun.java2d.opengl.OGLRTTSurfaceToSurfaceScale::ScaledBlit("OpenGL Surface (render-to-texture)", AnyAlpha, "OpenGL Surface")
1531307961309: sun.java2d.opengl.OGLRTTSurfaceToSurfaceScale::ScaledBlit("OpenGL Surface (render-to-texture)", AnyAlpha, "OpenGL Surface")
1531307961310: OGLDrawGlyphs
1531307961311: sun.java2d.opengl.OGLRTTSurfaceToSurfaceBlit::Blit("OpenGL Surface (render-to-texture)", AnyAlpha, "OpenGL Surface")
9 calls to OGLDrawGlyphs
64 calls to sun.java2d.opengl.OGLRTTSurfaceToSurfaceScale::ScaledBlit("OpenGL Surface (render-to-texture)", AnyAlpha, "OpenGL Surface")
10 calls to sun.java2d.opengl.OGLRTTSurfaceToSurfaceBlit::Blit("OpenGL Surface (render-to-texture)", AnyAlpha, "OpenGL Surface")
83 total calls to 3 different primitives
