1531302235109: sun.java2d.loops.FillRect::FillRect(AnyColor, SrcNoEa, AnyInt)
1531302235254: sun.java2d.loops.FillRect::FillRect(AnyColor, SrcNoEa, AnyInt)
1531302235254: sun.java2d.loops.FillRect::FillRect(AnyColor, SrcNoEa, AnyInt)
1531302235461: sun.java2d.loops.FillRect::FillRect(AnyColor, SrcNoEa, AnyInt)
1531302235567: sun.java2d.loops.Blit::Blit(IntRgb, SrcNoEa, IntRgb)
1531302235570: sun.java2d.loops.Blit::Blit(IntRgb, SrcNoEa, IntRgb)
1531302235570: sun.java2d.loops.Blit::Blit(IntRgb, SrcNoEa, IntRgb)
1531302235570: sun.java2d.loops.Blit::Blit(IntRgb, SrcNoEa, IntRgb)
1531302235571: sun.java2d.loops.Blit::Blit(IntRgb, SrcNoEa, IntRgb)
1531302235571: sun.java2d.loops.Blit::Blit(IntRgb, SrcNoEa, IntRgb)
1531302235571: sun.java2d.loops.Blit::Blit(IntRgb, SrcNoEa, IntRgb)
1531302235571: sun.java2d.loops.Blit::Blit(IntRgb, SrcNoEa, IntRgb)
1531302235572: sun.java2d.loops.Blit::Blit(IntRgb, SrcNoEa, IntRgb)
1531302235572: sun.java2d.loops.Blit::Blit(IntRgb, SrcNoEa, IntRgb)
1531302235572: sun.java2d.loops.Blit::Blit(IntRgb, SrcNoEa, IntRgb)
1531302235572: sun.java2d.loops.Blit::Blit(IntRgb, SrcNoEa, IntRgb)
1531302235573: sun.java2d.loops.Blit::Blit(IntRgb, SrcNoEa, IntRgb)
1531302235573: sun.java2d.loops.Blit::Blit(IntRgb, SrcNoEa, IntRgb)
1531302235573: sun.java2d.loops.Blit::Blit(IntRgb, SrcNoEa, IntRgb)
1531302235573: sun.java2d.loops.Blit::Blit(IntRgb, SrcNoEa, IntRgb)
1531302235573: sun.java2d.loops.Blit::Blit(IntRgb, SrcNoEa, IntRgb)
1531302235573: sun.java2d.loops.Blit::Blit(IntRgb, SrcNoEa, IntRgb)
1531302235574: sun.java2d.loops.Blit::Blit(IntRgb, SrcNoEa, IntRgb)
1531302235574: sun.java2d.loops.Blit::Blit(IntRgb, SrcNoEa, IntRgb)
1531302235574: sun.java2d.loops.Blit::Blit(IntRgb, SrcNoEa, IntRgb)
1531302235574: sun.java2d.loops.Blit::Blit(IntRgb, SrcNoEa, IntRgb)
1531302235575: sun.java2d.loops.Blit::Blit(IntRgb, SrcNoEa, IntRgb)
1531302235575: sun.java2d.loops.Blit::Blit(IntRgb, SrcNoEa, IntRgb)
1531302235575: sun.java2d.loops.Blit::Blit(IntRgb, SrcNoEa, IntRgb)
1531302235575: sun.java2d.loops.Blit::Blit(IntRgb, SrcNoEa, IntRgb)
1531302235575: sun.java2d.loops.Blit::Blit(IntRgb, SrcNoEa, IntRgb)
1531302235575: sun.java2d.loops.Blit::Blit(IntRgb, SrcNoEa, IntRgb)
1531302235575: sun.java2d.loops.Blit::Blit(IntRgb, SrcNoEa, IntRgb)
1531302235575: sun.java2d.loops.Blit::Blit(IntRgb, SrcNoEa, IntRgb)
1531302235576: sun.java2d.loops.Blit::Blit(IntRgb, SrcNoEa, IntRgb)
1531302235576: sun.java2d.loops.Blit::Blit(IntRgb, SrcNoEa, IntRgb)
1531302235631: sun.java2d.loops.ScaledBlit::ScaledBlit(IntRgb, SrcNoEa, IntRgb)
1531302235633: sun.java2d.loops.FillRect::FillRect(AnyColor, SrcNoEa, AnyInt)
1531302235634: sun.java2d.loops.Blit::Blit(IntRgb, SrcNoEa, IntRgb)
1531302235634: sun.java2d.loops.Blit::Blit(IntRgb, SrcNoEa, IntRgb)
1531302235634: sun.java2d.loops.Blit::Blit(IntRgb, SrcNoEa, IntRgb)
1531302235634: sun.java2d.loops.Blit::Blit(IntRgb, SrcNoEa, IntRgb)
1531302235634: sun.java2d.loops.Blit::Blit(IntRgb, SrcNoEa, IntRgb)
1531302235635: sun.java2d.loops.Blit::Blit(IntRgb, SrcNoEa, IntRgb)
1531302235635: sun.java2d.loops.Blit::Blit(IntRgb, SrcNoEa, IntRgb)
1531302235636: sun.java2d.loops.Blit::Blit(IntRgb, SrcNoEa, IntRgb)
1531302235637: sun.java2d.loops.Blit::Blit(IntRgb, SrcNoEa, IntRgb)
1531302235637: sun.java2d.loops.Blit::Blit(IntRgb, SrcNoEa, IntRgb)
1531302235637: sun.java2d.loops.Blit::Blit(IntRgb, SrcNoEa, IntRgb)
1531302235637: sun.java2d.loops.Blit::Blit(IntRgb, SrcNoEa, IntRgb)
1531302235637: sun.java2d.loops.Blit::Blit(IntRgb, SrcNoEa, IntRgb)
1531302235641: sun.java2d.loops.Blit::Blit(IntRgb, SrcNoEa, IntRgb)
1531302235641: sun.java2d.loops.Blit::Blit(IntRgb, SrcNoEa, IntRgb)
1531302235641: sun.java2d.loops.Blit::Blit(IntRgb, SrcNoEa, IntRgb)
1531302235642: sun.java2d.loops.Blit::Blit(IntRgb, SrcNoEa, IntRgb)
1531302235642: sun.java2d.loops.Blit::Blit(IntRgb, SrcNoEa, IntRgb)
1531302235642: sun.java2d.loops.Blit::Blit(IntRgb, SrcNoEa, IntRgb)
1531302235642: sun.java2d.loops.Blit::Blit(IntRgb, SrcNoEa, IntRgb)
1531302235642: sun.java2d.loops.Blit::Blit(IntRgb, SrcNoEa, IntRgb)
1531302235643: sun.java2d.loops.Blit::Blit(IntRgb, SrcNoEa, IntRgb)
1531302235643: sun.java2d.loops.Blit::Blit(IntRgb, SrcNoEa, IntRgb)
1531302235643: sun.java2d.loops.Blit::Blit(IntRgb, SrcNoEa, IntRgb)
1531302235644: sun.java2d.loops.Blit::Blit(IntRgb, SrcNoEa, IntRgb)
1531302235644: sun.java2d.loops.Blit::Blit(IntRgb, SrcNoEa, IntRgb)
1531302235644: sun.java2d.loops.Blit::Blit(IntRgb, SrcNoEa, IntRgb)
1531302235645: sun.java2d.loops.Blit::Blit(IntRgb, SrcNoEa, IntRgb)
1531302235645: sun.java2d.loops.Blit::Blit(IntRgb, SrcNoEa, IntRgb)
1531302235645: sun.java2d.loops.Blit::Blit(IntRgb, SrcNoEa, IntRgb)
1531302235645: sun.java2d.loops.Blit::Blit(IntRgb, SrcNoEa, IntRgb)
1531302235645: sun.java2d.loops.Blit::Blit(IntRgb, SrcNoEa, IntRgb)
1531302235646: sun.java2d.loops.ScaledBlit::ScaledBlit(IntRgb, SrcNoEa, IntRgb)
1531302235646: sun.java2d.loops.ScaledBlit::ScaledBlit(IntRgb, SrcNoEa, IntRgb)
1531302235646: sun.java2d.loops.ScaledBlit::ScaledBlit(IntRgb, SrcNoEa, IntRgb)
1531302235646: sun.java2d.loops.ScaledBlit::ScaledBlit(IntRgb, SrcNoEa, IntRgb)
1531302235646: sun.java2d.loops.ScaledBlit::ScaledBlit(IntRgb, SrcNoEa, IntRgb)
1531302235647: sun.java2d.loops.ScaledBlit::ScaledBlit(IntRgb, SrcNoEa, IntRgb)
1531302235647: sun.java2d.loops.ScaledBlit::ScaledBlit(IntRgb, SrcNoEa, IntRgb)
1531302236292: sun.java2d.loops.DrawGlyphListLCD::DrawGlyphListLCD(AnyColor, SrcNoEa, IntRgb)
1531302236294: sun.java2d.loops.DrawRect::DrawRect(AnyColor, SrcNoEa, AnyInt)
1531302236296: sun.java2d.windows.GDIBlitLoops::Blit(IntRgb, SrcNoEa, "GDI")
1531302236978: sun.java2d.loops.ScaledBlit::ScaledBlit(IntRgb, SrcNoEa, IntRgb)
1531302236978: sun.java2d.loops.ScaledBlit::ScaledBlit(IntRgb, SrcNoEa, IntRgb)
1531302236978: sun.java2d.loops.ScaledBlit::ScaledBlit(IntRgb, SrcNoEa, IntRgb)
1531302236978: sun.java2d.loops.ScaledBlit::ScaledBlit(IntRgb, SrcNoEa, IntRgb)
1531302236979: sun.java2d.loops.ScaledBlit::ScaledBlit(IntRgb, SrcNoEa, IntRgb)
1531302236979: sun.java2d.loops.ScaledBlit::ScaledBlit(IntRgb, SrcNoEa, IntRgb)
1531302236979: sun.java2d.loops.ScaledBlit::ScaledBlit(IntRgb, SrcNoEa, IntRgb)
1531302236979: sun.java2d.loops.ScaledBlit::ScaledBlit(IntRgb, SrcNoEa, IntRgb)
1531302236980: sun.java2d.loops.DrawGlyphListLCD::DrawGlyphListLCD(AnyColor, SrcNoEa, IntRgb)
1531302236980: sun.java2d.loops.DrawRect::DrawRect(AnyColor, SrcNoEa, AnyInt)
1531302236980: sun.java2d.loops.DrawRect::DrawRect(AnyColor, SrcNoEa, AnyInt)
1531302236981: sun.java2d.windows.GDIBlitLoops::Blit(IntRgb, SrcNoEa, "GDI")
1531302237883: sun.java2d.loops.ScaledBlit::ScaledBlit(IntRgb, SrcNoEa, IntRgb)
1531302237884: sun.java2d.loops.ScaledBlit::ScaledBlit(IntRgb, SrcNoEa, IntRgb)
1531302237884: sun.java2d.loops.ScaledBlit::ScaledBlit(IntRgb, SrcNoEa, IntRgb)
1531302237884: sun.java2d.loops.ScaledBlit::ScaledBlit(IntRgb, SrcNoEa, IntRgb)
1531302237884: sun.java2d.loops.ScaledBlit::ScaledBlit(IntRgb, SrcNoEa, IntRgb)
1531302237892: sun.java2d.loops.ScaledBlit::ScaledBlit(IntRgb, SrcNoEa, IntRgb)
1531302237892: sun.java2d.loops.ScaledBlit::ScaledBlit(IntRgb, SrcNoEa, IntRgb)
1531302237892: sun.java2d.loops.ScaledBlit::ScaledBlit(IntRgb, SrcNoEa, IntRgb)
1531302237893: sun.java2d.loops.DrawGlyphListLCD::DrawGlyphListLCD(AnyColor, SrcNoEa, IntRgb)
1531302237893: sun.java2d.loops.DrawRect::DrawRect(AnyColor, SrcNoEa, AnyInt)
1531302237893: sun.java2d.loops.DrawRect::DrawRect(AnyColor, SrcNoEa, AnyInt)
1531302237893: sun.java2d.loops.DrawRect::DrawRect(AnyColor, SrcNoEa, AnyInt)
1531302237893: sun.java2d.loops.DrawRect::DrawRect(AnyColor, SrcNoEa, AnyInt)
1531302237893: sun.java2d.windows.GDIBlitLoops::Blit(IntRgb, SrcNoEa, "GDI")
1531302240653: sun.java2d.loops.FillRect::FillRect(AnyColor, SrcNoEa, AnyInt)
1531302240654: sun.java2d.loops.FillRect::FillRect(AnyColor, SrcNoEa, AnyInt)
1531302240656: sun.java2d.loops.DrawGlyphListLCD::DrawGlyphListLCD(AnyColor, SrcNoEa, IntRgb)
1531302240656: sun.java2d.loops.DrawRect::DrawRect(AnyColor, SrcNoEa, AnyInt)
1531302240656: sun.java2d.loops.FillRect::FillRect(AnyColor, SrcNoEa, AnyInt)
1531302240656: sun.java2d.loops.FillRect::FillRect(AnyColor, SrcNoEa, AnyInt)
1531302240656: sun.java2d.loops.FillRect::FillRect(AnyColor, SrcNoEa, AnyInt)
1531302240656: sun.java2d.loops.FillRect::FillRect(AnyColor, SrcNoEa, AnyInt)
1531302240657: sun.java2d.windows.GDIBlitLoops::Blit(IntRgb, SrcNoEa, "GDI")
1531302240764: sun.java2d.loops.FillRect::FillRect(AnyColor, SrcNoEa, AnyInt)
1531302240764: sun.java2d.loops.FillRect::FillRect(AnyColor, SrcNoEa, AnyInt)
1531302240765: sun.java2d.windows.GDIBlitLoops::Blit(IntRgb, SrcNoEa, "GDI")
1531302240766: sun.java2d.loops.ScaledBlit::ScaledBlit(IntRgb, SrcNoEa, IntRgb)
1531302240766: sun.java2d.loops.ScaledBlit::ScaledBlit(IntRgb, SrcNoEa, IntRgb)
1531302240766: sun.java2d.loops.ScaledBlit::ScaledBlit(IntRgb, SrcNoEa, IntRgb)
1531302240767: sun.java2d.loops.ScaledBlit::ScaledBlit(IntRgb, SrcNoEa, IntRgb)
1531302240767: sun.java2d.loops.ScaledBlit::ScaledBlit(IntRgb, SrcNoEa, IntRgb)
1531302240767: sun.java2d.loops.ScaledBlit::ScaledBlit(IntRgb, SrcNoEa, IntRgb)
1531302240767: sun.java2d.loops.ScaledBlit::ScaledBlit(IntRgb, SrcNoEa, IntRgb)
1531302240767: sun.java2d.loops.ScaledBlit::ScaledBlit(IntRgb, SrcNoEa, IntRgb)
1531302240768: sun.java2d.loops.DrawGlyphListLCD::DrawGlyphListLCD(AnyColor, SrcNoEa, IntRgb)
1531302240768: sun.java2d.loops.DrawRect::DrawRect(AnyColor, SrcNoEa, AnyInt)
1531302240768: sun.java2d.loops.DrawRect::DrawRect(AnyColor, SrcNoEa, AnyInt)
1531302240768: sun.java2d.loops.DrawRect::DrawRect(AnyColor, SrcNoEa, AnyInt)
1531302240768: sun.java2d.loops.DrawRect::DrawRect(AnyColor, SrcNoEa, AnyInt)
1531302240769: sun.java2d.windows.GDIBlitLoops::Blit(IntRgb, SrcNoEa, "GDI")
1531302240826: sun.java2d.loops.ScaledBlit::ScaledBlit(IntRgb, SrcNoEa, IntRgb)
1531302240827: sun.java2d.loops.ScaledBlit::ScaledBlit(IntRgb, SrcNoEa, IntRgb)
1531302240827: sun.java2d.loops.ScaledBlit::ScaledBlit(IntRgb, SrcNoEa, IntRgb)
1531302240827: sun.java2d.loops.ScaledBlit::ScaledBlit(IntRgb, SrcNoEa, IntRgb)
1531302240827: sun.java2d.loops.ScaledBlit::ScaledBlit(IntRgb, SrcNoEa, IntRgb)
1531302240827: sun.java2d.loops.ScaledBlit::ScaledBlit(IntRgb, SrcNoEa, IntRgb)
1531302240828: sun.java2d.loops.ScaledBlit::ScaledBlit(IntRgb, SrcNoEa, IntRgb)
1531302240828: sun.java2d.loops.ScaledBlit::ScaledBlit(IntRgb, SrcNoEa, IntRgb)
1531302240828: sun.java2d.loops.DrawGlyphListLCD::DrawGlyphListLCD(AnyColor, SrcNoEa, IntRgb)
1531302240828: sun.java2d.loops.DrawRect::DrawRect(AnyColor, SrcNoEa, AnyInt)
1531302240828: sun.java2d.windows.GDIBlitLoops::Blit(IntRgb, SrcNoEa, "GDI")
7 calls to sun.java2d.windows.GDIBlitLoops::Blit(IntRgb, SrcNoEa, "GDI")
64 calls to sun.java2d.loops.Blit::Blit(IntRgb, SrcNoEa, IntRgb)
6 calls to sun.java2d.loops.DrawGlyphListLCD::DrawGlyphListLCD(AnyColor, SrcNoEa, IntRgb)
40 calls to sun.java2d.loops.ScaledBlit::ScaledBlit(IntRgb, SrcNoEa, IntRgb)
13 calls to sun.java2d.loops.FillRect::FillRect(AnyColor, SrcNoEa, AnyInt)
13 calls to sun.java2d.loops.DrawRect::DrawRect(AnyColor, SrcNoEa, AnyInt)
143 total calls to 6 different primitives
