1531190576773: sun.java2d.loops.FillRect::FillRect(AnyColor, SrcNoEa, AnyInt)
1531190576959: sun.java2d.loops.FillRect::FillRect(AnyColor, SrcNoEa, AnyInt)
1531190576960: sun.java2d.loops.FillRect::FillRect(AnyColor, SrcNoEa, AnyInt)
1531190577108: sun.java2d.loops.FillRect::FillRect(AnyColor, SrcNoEa, AnyInt)
1531190577150: sun.java2d.loops.Blit::Blit(IntRgb, SrcNoEa, IntRgb)
1531190577153: sun.java2d.loops.Blit::Blit(IntRgb, SrcNoEa, IntRgb)
1531190577153: sun.java2d.loops.Blit::Blit(IntRgb, SrcNoEa, IntRgb)
1531190577153: sun.java2d.loops.Blit::Blit(IntRgb, SrcNoEa, IntRgb)
1531190577153: sun.java2d.loops.Blit::Blit(IntRgb, SrcNoEa, IntRgb)
1531190577154: sun.java2d.loops.Blit::Blit(IntRgb, SrcNoEa, IntRgb)
1531190577154: sun.java2d.loops.Blit::Blit(IntRgb, SrcNoEa, IntRgb)
1531190577154: sun.java2d.loops.Blit::Blit(IntRgb, SrcNoEa, IntRgb)
1531190577154: sun.java2d.loops.Blit::Blit(IntRgb, SrcNoEa, IntRgb)
1531190577154: sun.java2d.loops.Blit::Blit(IntRgb, SrcNoEa, IntRgb)
1531190577155: sun.java2d.loops.Blit::Blit(IntRgb, SrcNoEa, IntRgb)
1531190577155: sun.java2d.loops.Blit::Blit(IntRgb, SrcNoEa, IntRgb)
1531190577155: sun.java2d.loops.Blit::Blit(IntRgb, SrcNoEa, IntRgb)
1531190577155: sun.java2d.loops.Blit::Blit(IntRgb, SrcNoEa, IntRgb)
1531190577155: sun.java2d.loops.Blit::Blit(IntRgb, SrcNoEa, IntRgb)
1531190577155: sun.java2d.loops.Blit::Blit(IntRgb, SrcNoEa, IntRgb)
1531190577156: sun.java2d.loops.Blit::Blit(IntRgb, SrcNoEa, IntRgb)
1531190577156: sun.java2d.loops.Blit::Blit(IntRgb, SrcNoEa, IntRgb)
1531190577156: sun.java2d.loops.Blit::Blit(IntRgb, SrcNoEa, IntRgb)
1531190577156: sun.java2d.loops.Blit::Blit(IntRgb, SrcNoEa, IntRgb)
1531190577156: sun.java2d.loops.Blit::Blit(IntRgb, SrcNoEa, IntRgb)
1531190577156: sun.java2d.loops.Blit::Blit(IntRgb, SrcNoEa, IntRgb)
1531190577157: sun.java2d.loops.Blit::Blit(IntRgb, SrcNoEa, IntRgb)
1531190577157: sun.java2d.loops.Blit::Blit(IntRgb, SrcNoEa, IntRgb)
1531190577157: sun.java2d.loops.Blit::Blit(IntRgb, SrcNoEa, IntRgb)
1531190577157: sun.java2d.loops.Blit::Blit(IntRgb, SrcNoEa, IntRgb)
1531190577157: sun.java2d.loops.Blit::Blit(IntRgb, SrcNoEa, IntRgb)
1531190577157: sun.java2d.loops.Blit::Blit(IntRgb, SrcNoEa, IntRgb)
1531190577158: sun.java2d.loops.Blit::Blit(IntRgb, SrcNoEa, IntRgb)
1531190577158: sun.java2d.loops.Blit::Blit(IntRgb, SrcNoEa, IntRgb)
1531190577158: sun.java2d.loops.Blit::Blit(IntRgb, SrcNoEa, IntRgb)
1531190577158: sun.java2d.loops.Blit::Blit(IntRgb, SrcNoEa, IntRgb)
1531190577164: sun.java2d.loops.ScaledBlit::ScaledBlit(IntRgb, SrcNoEa, IntRgb)
1531190577166: sun.java2d.loops.FillRect::FillRect(AnyColor, SrcNoEa, AnyInt)
1531190577167: sun.java2d.loops.Blit::Blit(IntRgb, SrcNoEa, IntRgb)
1531190577167: sun.java2d.loops.Blit::Blit(IntRgb, SrcNoEa, IntRgb)
1531190577167: sun.java2d.loops.Blit::Blit(IntRgb, SrcNoEa, IntRgb)
1531190577167: sun.java2d.loops.Blit::Blit(IntRgb, SrcNoEa, IntRgb)
1531190577167: sun.java2d.loops.Blit::Blit(IntRgb, SrcNoEa, IntRgb)
1531190577167: sun.java2d.loops.Blit::Blit(IntRgb, SrcNoEa, IntRgb)
1531190577168: sun.java2d.loops.Blit::Blit(IntRgb, SrcNoEa, IntRgb)
1531190577168: sun.java2d.loops.Blit::Blit(IntRgb, SrcNoEa, IntRgb)
1531190577168: sun.java2d.loops.Blit::Blit(IntRgb, SrcNoEa, IntRgb)
1531190577168: sun.java2d.loops.Blit::Blit(IntRgb, SrcNoEa, IntRgb)
1531190577168: sun.java2d.loops.Blit::Blit(IntRgb, SrcNoEa, IntRgb)
1531190577169: sun.java2d.loops.Blit::Blit(IntRgb, SrcNoEa, IntRgb)
1531190577169: sun.java2d.loops.Blit::Blit(IntRgb, SrcNoEa, IntRgb)
1531190577169: sun.java2d.loops.Blit::Blit(IntRgb, SrcNoEa, IntRgb)
1531190577169: sun.java2d.loops.Blit::Blit(IntRgb, SrcNoEa, IntRgb)
1531190577169: sun.java2d.loops.Blit::Blit(IntRgb, SrcNoEa, IntRgb)
1531190577170: sun.java2d.loops.Blit::Blit(IntRgb, SrcNoEa, IntRgb)
1531190577170: sun.java2d.loops.Blit::Blit(IntRgb, SrcNoEa, IntRgb)
1531190577170: sun.java2d.loops.Blit::Blit(IntRgb, SrcNoEa, IntRgb)
1531190577170: sun.java2d.loops.Blit::Blit(IntRgb, SrcNoEa, IntRgb)
1531190577170: sun.java2d.loops.Blit::Blit(IntRgb, SrcNoEa, IntRgb)
1531190577170: sun.java2d.loops.Blit::Blit(IntRgb, SrcNoEa, IntRgb)
1531190577171: sun.java2d.loops.Blit::Blit(IntRgb, SrcNoEa, IntRgb)
1531190577171: sun.java2d.loops.Blit::Blit(IntRgb, SrcNoEa, IntRgb)
1531190577171: sun.java2d.loops.Blit::Blit(IntRgb, SrcNoEa, IntRgb)
1531190577171: sun.java2d.loops.Blit::Blit(IntRgb, SrcNoEa, IntRgb)
1531190577171: sun.java2d.loops.Blit::Blit(IntRgb, SrcNoEa, IntRgb)
1531190577171: sun.java2d.loops.Blit::Blit(IntRgb, SrcNoEa, IntRgb)
1531190577172: sun.java2d.loops.Blit::Blit(IntRgb, SrcNoEa, IntRgb)
1531190577172: sun.java2d.loops.Blit::Blit(IntRgb, SrcNoEa, IntRgb)
1531190577172: sun.java2d.loops.Blit::Blit(IntRgb, SrcNoEa, IntRgb)
1531190577172: sun.java2d.loops.Blit::Blit(IntRgb, SrcNoEa, IntRgb)
1531190577172: sun.java2d.loops.ScaledBlit::ScaledBlit(IntRgb, SrcNoEa, IntRgb)
1531190577172: sun.java2d.loops.ScaledBlit::ScaledBlit(IntRgb, SrcNoEa, IntRgb)
1531190577172: sun.java2d.loops.ScaledBlit::ScaledBlit(IntRgb, SrcNoEa, IntRgb)
1531190577173: sun.java2d.loops.ScaledBlit::ScaledBlit(IntRgb, SrcNoEa, IntRgb)
1531190577173: sun.java2d.loops.ScaledBlit::ScaledBlit(IntRgb, SrcNoEa, IntRgb)
1531190577173: sun.java2d.loops.ScaledBlit::ScaledBlit(IntRgb, SrcNoEa, IntRgb)
1531190577174: sun.java2d.loops.ScaledBlit::ScaledBlit(IntRgb, SrcNoEa, IntRgb)
1531190577445: sun.java2d.loops.DrawGlyphListLCD::DrawGlyphListLCD(AnyColor, SrcNoEa, IntRgb)
1531190577448: sun.java2d.loops.DrawRect::DrawRect(AnyColor, SrcNoEa, AnyInt)
1531190577450: sun.java2d.windows.GDIBlitLoops::Blit(IntRgb, SrcNoEa, "GDI")
1531190577680: sun.java2d.loops.ScaledBlit::ScaledBlit(IntRgb, SrcNoEa, IntRgb)
1531190577680: sun.java2d.loops.ScaledBlit::ScaledBlit(IntRgb, SrcNoEa, IntRgb)
1531190577681: sun.java2d.loops.ScaledBlit::ScaledBlit(IntRgb, SrcNoEa, IntRgb)
1531190577681: sun.java2d.loops.ScaledBlit::ScaledBlit(IntRgb, SrcNoEa, IntRgb)
1531190577681: sun.java2d.loops.ScaledBlit::ScaledBlit(IntRgb, SrcNoEa, IntRgb)
1531190577681: sun.java2d.loops.ScaledBlit::ScaledBlit(IntRgb, SrcNoEa, IntRgb)
1531190577681: sun.java2d.loops.ScaledBlit::ScaledBlit(IntRgb, SrcNoEa, IntRgb)
1531190577682: sun.java2d.loops.ScaledBlit::ScaledBlit(IntRgb, SrcNoEa, IntRgb)
1531190577682: sun.java2d.loops.DrawGlyphListLCD::DrawGlyphListLCD(AnyColor, SrcNoEa, IntRgb)
1531190577683: sun.java2d.loops.DrawRect::DrawRect(AnyColor, SrcNoEa, AnyInt)
1531190577683: sun.java2d.loops.DrawRect::DrawRect(AnyColor, SrcNoEa, AnyInt)
1531190577683: sun.java2d.windows.GDIBlitLoops::Blit(IntRgb, SrcNoEa, "GDI")
1531190616416: sun.java2d.loops.ScaledBlit::ScaledBlit(IntRgb, SrcNoEa, IntRgb)
1531190616416: sun.java2d.loops.ScaledBlit::ScaledBlit(IntRgb, SrcNoEa, IntRgb)
1531190616416: sun.java2d.loops.ScaledBlit::ScaledBlit(IntRgb, SrcNoEa, IntRgb)
1531190616417: sun.java2d.loops.ScaledBlit::ScaledBlit(IntRgb, SrcNoEa, IntRgb)
1531190616417: sun.java2d.loops.ScaledBlit::ScaledBlit(IntRgb, SrcNoEa, IntRgb)
1531190616417: sun.java2d.loops.ScaledBlit::ScaledBlit(IntRgb, SrcNoEa, IntRgb)
1531190616417: sun.java2d.loops.ScaledBlit::ScaledBlit(IntRgb, SrcNoEa, IntRgb)
1531190616418: sun.java2d.loops.ScaledBlit::ScaledBlit(IntRgb, SrcNoEa, IntRgb)
1531190616418: sun.java2d.loops.DrawGlyphListLCD::DrawGlyphListLCD(AnyColor, SrcNoEa, IntRgb)
1531190616418: sun.java2d.loops.DrawRect::DrawRect(AnyColor, SrcNoEa, AnyInt)
1531190616419: sun.java2d.windows.GDIBlitLoops::Blit(IntRgb, SrcNoEa, "GDI")
