1530882519194: sun.java2d.opengl.OGLRTTSurfaceToSurfaceScale::ScaledBlit("OpenGL Surface (render-to-texture)", AnyAlpha, "OpenGL Surface")
1530882519778: sun.java2d.opengl.OGLRTTSurfaceToSurfaceScale::ScaledBlit("OpenGL Surface (render-to-texture)", AnyAlpha, "OpenGL Surface")
1530882519778: sun.java2d.opengl.OGLRTTSurfaceToSurfaceScale::ScaledBlit("OpenGL Surface (render-to-texture)", AnyAlpha, "OpenGL Surface")
1530882519778: sun.java2d.opengl.OGLRTTSurfaceToSurfaceScale::ScaledBlit("OpenGL Surface (render-to-texture)", AnyAlpha, "OpenGL Surface")
1530882519779: sun.java2d.opengl.OGLRTTSurfaceToSurfaceScale::ScaledBlit("OpenGL Surface (render-to-texture)", AnyAlpha, "OpenGL Surface")
1530882519779: sun.java2d.opengl.OGLRTTSurfaceToSurfaceScale::ScaledBlit("OpenGL Surface (render-to-texture)", AnyAlpha, "OpenGL Surface")
1530882519779: sun.java2d.opengl.OGLRTTSurfaceToSurfaceScale::ScaledBlit("OpenGL Surface (render-to-texture)", AnyAlpha, "OpenGL Surface")
1530882519779: sun.java2d.opengl.OGLRTTSurfaceToSurfaceScale::ScaledBlit("OpenGL Surface (render-to-texture)", AnyAlpha, "OpenGL Surface")
1530882520086: OGLDrawGlyphs
1530882520087: sun.java2d.opengl.OGLRTTSurfaceToSurfaceBlit::Blit("OpenGL Surface (render-to-texture)", AnyAlpha, "OpenGL Surface")
1530882532545: sun.java2d.opengl.OGLRTTSurfaceToSurfaceScale::ScaledBlit("OpenGL Surface (render-to-texture)", AnyAlpha, "OpenGL Surface")
1530882532545: sun.java2d.opengl.OGLRTTSurfaceToSurfaceScale::ScaledBlit("OpenGL Surface (render-to-texture)", AnyAlpha, "OpenGL Surface")
1530882532545: sun.java2d.opengl.OGLRTTSurfaceToSurfaceScale::ScaledBlit("OpenGL Surface (render-to-texture)", AnyAlpha, "OpenGL Surface")
1530882532545: sun.java2d.opengl.OGLRTTSurfaceToSurfaceScale::ScaledBlit("OpenGL Surface (render-to-texture)", AnyAlpha, "OpenGL Surface")
1530882532545: sun.java2d.opengl.OGLRTTSurfaceToSurfaceScale::ScaledBlit("OpenGL Surface (render-to-texture)", AnyAlpha, "OpenGL Surface")
1530882532545: sun.java2d.opengl.OGLRTTSurfaceToSurfaceScale::ScaledBlit("OpenGL Surface (render-to-texture)", AnyAlpha, "OpenGL Surface")
1530882532546: sun.java2d.opengl.OGLRTTSurfaceToSurfaceScale::ScaledBlit("OpenGL Surface (render-to-texture)", AnyAlpha, "OpenGL Surface")
1530882532546: sun.java2d.opengl.OGLRTTSurfaceToSurfaceScale::ScaledBlit("OpenGL Surface (render-to-texture)", AnyAlpha, "OpenGL Surface")
1530882532546: OGLDrawGlyphs
1530882532548: sun.java2d.opengl.OGLRTTSurfaceToSurfaceBlit::Blit("OpenGL Surface (render-to-texture)", AnyAlpha, "OpenGL Surface")
1530882532579: sun.java2d.opengl.OGLRTTSurfaceToSurfaceScale::ScaledBlit("OpenGL Surface (render-to-texture)", AnyAlpha, "OpenGL Surface")
1530882532579: sun.java2d.opengl.OGLRTTSurfaceToSurfaceScale::ScaledBlit("OpenGL Surface (render-to-texture)", AnyAlpha, "OpenGL Surface")
1530882532579: sun.java2d.opengl.OGLRTTSurfaceToSurfaceScale::ScaledBlit("OpenGL Surface (render-to-texture)", AnyAlpha, "OpenGL Surface")
1530882532580: sun.java2d.opengl.OGLRTTSurfaceToSurfaceScale::ScaledBlit("OpenGL Surface (render-to-texture)", AnyAlpha, "OpenGL Surface")
1530882532580: sun.java2d.opengl.OGLRTTSurfaceToSurfaceScale::ScaledBlit("OpenGL Surface (render-to-texture)", AnyAlpha, "OpenGL Surface")
1530882532580: sun.java2d.opengl.OGLRTTSurfaceToSurfaceScale::ScaledBlit("OpenGL Surface (render-to-texture)", AnyAlpha, "OpenGL Surface")
1530882532580: sun.java2d.opengl.OGLRTTSurfaceToSurfaceScale::ScaledBlit("OpenGL Surface (render-to-texture)", AnyAlpha, "OpenGL Surface")
1530882532580: sun.java2d.opengl.OGLRTTSurfaceToSurfaceScale::ScaledBlit("OpenGL Surface (render-to-texture)", AnyAlpha, "OpenGL Surface")
1530882532581: OGLDrawGlyphs
1530882532581: sun.java2d.opengl.OGLRTTSurfaceToSurfaceBlit::Blit("OpenGL Surface (render-to-texture)", AnyAlpha, "OpenGL Surface")
1530882534825: sun.java2d.opengl.OGLRTTSurfaceToSurfaceScale::ScaledBlit("OpenGL Surface (render-to-texture)", AnyAlpha, "OpenGL Surface")
1530882534825: sun.java2d.opengl.OGLRTTSurfaceToSurfaceScale::ScaledBlit("OpenGL Surface (render-to-texture)", AnyAlpha, "OpenGL Surface")
1530882534825: sun.java2d.opengl.OGLRTTSurfaceToSurfaceScale::ScaledBlit("OpenGL Surface (render-to-texture)", AnyAlpha, "OpenGL Surface")
1530882534826: sun.java2d.opengl.OGLRTTSurfaceToSurfaceScale::ScaledBlit("OpenGL Surface (render-to-texture)", AnyAlpha, "OpenGL Surface")
1530882534826: sun.java2d.opengl.OGLRTTSurfaceToSurfaceScale::ScaledBlit("OpenGL Surface (render-to-texture)", AnyAlpha, "OpenGL Surface")
1530882534826: sun.java2d.opengl.OGLRTTSurfaceToSurfaceScale::ScaledBlit("OpenGL Surface (render-to-texture)", AnyAlpha, "OpenGL Surface")
1530882534826: sun.java2d.opengl.OGLRTTSurfaceToSurfaceScale::ScaledBlit("OpenGL Surface (render-to-texture)", AnyAlpha, "OpenGL Surface")
1530882534826: sun.java2d.opengl.OGLRTTSurfaceToSurfaceScale::ScaledBlit("OpenGL Surface (render-to-texture)", AnyAlpha, "OpenGL Surface")
1530882534826: OGLDrawGlyphs
1530882534827: sun.java2d.opengl.OGLRTTSurfaceToSurfaceBlit::Blit("OpenGL Surface (render-to-texture)", AnyAlpha, "OpenGL Surface")
1530882538077: sun.java2d.opengl.OGLRTTSurfaceToSurfaceBlit::Blit("OpenGL Surface (render-to-texture)", AnyAlpha, "OpenGL Surface")
1530882538090: sun.java2d.opengl.OGLRTTSurfaceToSurfaceScale::ScaledBlit("OpenGL Surface (render-to-texture)", AnyAlpha, "OpenGL Surface")
1530882538091: sun.java2d.opengl.OGLRTTSurfaceToSurfaceScale::ScaledBlit("OpenGL Surface (render-to-texture)", AnyAlpha, "OpenGL Surface")
1530882538091: sun.java2d.opengl.OGLRTTSurfaceToSurfaceScale::ScaledBlit("OpenGL Surface (render-to-texture)", AnyAlpha, "OpenGL Surface")
1530882538091: sun.java2d.opengl.OGLRTTSurfaceToSurfaceScale::ScaledBlit("OpenGL Surface (render-to-texture)", AnyAlpha, "OpenGL Surface")
1530882538091: sun.java2d.opengl.OGLRTTSurfaceToSurfaceScale::ScaledBlit("OpenGL Surface (render-to-texture)", AnyAlpha, "OpenGL Surface")
1530882538091: sun.java2d.opengl.OGLRTTSurfaceToSurfaceScale::ScaledBlit("OpenGL Surface (render-to-texture)", AnyAlpha, "OpenGL Surface")
1530882538093: sun.java2d.opengl.OGLRTTSurfaceToSurfaceScale::ScaledBlit("OpenGL Surface (render-to-texture)", AnyAlpha, "OpenGL Surface")
1530882538093: sun.java2d.opengl.OGLRTTSurfaceToSurfaceScale::ScaledBlit("OpenGL Surface (render-to-texture)", AnyAlpha, "OpenGL Surface")
1530882538093: OGLDrawGlyphs
1530882538105: sun.java2d.opengl.OGLRTTSurfaceToSurfaceBlit::Blit("OpenGL Surface (render-to-texture)", AnyAlpha, "OpenGL Surface")
1530882538204: sun.java2d.opengl.OGLRTTSurfaceToSurfaceScale::ScaledBlit("OpenGL Surface (render-to-texture)", AnyAlpha, "OpenGL Surface")
1530882538204: sun.java2d.opengl.OGLRTTSurfaceToSurfaceScale::ScaledBlit("OpenGL Surface (render-to-texture)", AnyAlpha, "OpenGL Surface")
1530882538204: sun.java2d.opengl.OGLRTTSurfaceToSurfaceScale::ScaledBlit("OpenGL Surface (render-to-texture)", AnyAlpha, "OpenGL Surface")
1530882538205: sun.java2d.opengl.OGLRTTSurfaceToSurfaceScale::ScaledBlit("OpenGL Surface (render-to-texture)", AnyAlpha, "OpenGL Surface")
1530882538205: sun.java2d.opengl.OGLRTTSurfaceToSurfaceScale::ScaledBlit("OpenGL Surface (render-to-texture)", AnyAlpha, "OpenGL Surface")
1530882538205: sun.java2d.opengl.OGLRTTSurfaceToSurfaceScale::ScaledBlit("OpenGL Surface (render-to-texture)", AnyAlpha, "OpenGL Surface")
1530882538205: sun.java2d.opengl.OGLRTTSurfaceToSurfaceScale::ScaledBlit("OpenGL Surface (render-to-texture)", AnyAlpha, "OpenGL Surface")
1530882538214: sun.java2d.opengl.OGLRTTSurfaceToSurfaceScale::ScaledBlit("OpenGL Surface (render-to-texture)", AnyAlpha, "OpenGL Surface")
1530882538214: OGLDrawGlyphs
1530882538217: sun.java2d.opengl.OGLRTTSurfaceToSurfaceBlit::Blit("OpenGL Surface (render-to-texture)", AnyAlpha, "OpenGL Surface")
6 calls to OGLDrawGlyphs
48 calls to sun.java2d.opengl.OGLRTTSurfaceToSurfaceScale::ScaledBlit("OpenGL Surface (render-to-texture)", AnyAlpha, "OpenGL Surface")
7 calls to sun.java2d.opengl.OGLRTTSurfaceToSurfaceBlit::Blit("OpenGL Surface (render-to-texture)", AnyAlpha, "OpenGL Surface")
61 total calls to 3 different primitives
